2014-05-14 16:02:21.536 HelloCordova[10126:70b] Multi-tasking -> Device: YES, App: YES
2014-05-14 16:02:21.560 HelloCordova[10126:70b] Unlimited access to network resources
2014-05-14 16:02:21.713 HelloCordova[10126:70b] [CDVTimer][keyboard] 0.104010ms
2014-05-14 16:02:21.714 HelloCordova[10126:70b] CDVPlugin class CDVStatusBar (pluginName: statusbar) does not exist.
2014-05-14 16:02:21.714 HelloCordova[10126:70b] [CDVTimer][statusbar] 0.585020ms
2014-05-14 16:02:21.715 HelloCordova[10126:70b] [CDVTimer][TotalPluginStartup] 1.874030ms
2014-05-14 16:02:21.846 HelloCordova[10126:70b] Resetting plugins due to page load.
2014-05-14 16:02:22.144 HelloCordova[10126:70b] Finished load of: file:///Users/sebastian/Library/Application%20Support/iPhone%20Simulator/7.1/Applications/6424E15F-2ED7-4C97-B869-3AD6D4957612/HelloCordova.app/www/index.html#/tab/dash
2014-05-14 16:03:56.020 HelloCordova[10349:70b] Multi-tasking -> Device: YES, App: YES
2014-05-14 16:03:56.031 HelloCordova[10349:70b] Unlimited access to network resources
2014-05-14 16:03:56.055 HelloCordova[10349:70b] [CDVTimer][keyboard] 0.105977ms
2014-05-14 16:03:56.055 HelloCordova[10349:70b] CDVPlugin class CDVStatusBar (pluginName: statusbar) does not exist.
2014-05-14 16:03:56.056 HelloCordova[10349:70b] [CDVTimer][statusbar] 0.652015ms
2014-05-14 16:03:56.057 HelloCordova[10349:70b] [CDVTimer][TotalPluginStartup] 1.904011ms
2014-05-14 16:03:56.205 HelloCordova[10349:70b] Resetting plugins due to page load.
2014-05-14 16:03:56.562 HelloCordova[10349:70b] Finished load of: file:///Users/sebastian/Library/Application%20Support/iPhone%20Simulator/7.1/Applications/6424E15F-2ED7-4C97-B869-3AD6D4957612/HelloCordova.app/www/index.html#/tab/dash
2014-05-14 16:05:47.613 HelloCordova[10530:70b] Multi-tasking -> Device: YES, App: YES
2014-05-14 16:05:47.621 HelloCordova[10530:70b] Unlimited access to network resources
2014-05-14 16:05:47.638 HelloCordova[10530:70b] [CDVTimer][keyboard] 0.068963ms
2014-05-14 16:05:47.639 HelloCordova[10530:70b] CDVPlugin class CDVStatusBar (pluginName: statusbar) does not exist.
2014-05-14 16:05:47.639 HelloCordova[10530:70b] [CDVTimer][statusbar] 0.418007ms
2014-05-14 16:05:47.640 HelloCordova[10530:70b] [CDVTimer][TotalPluginStartup] 1.397014ms
2014-05-14 16:05:47.680 HelloCordova[10530:70b] Resetting plugins due to page load.
2014-05-14 16:05:47.846 HelloCordova[10530:70b] Finished load of: file:///Users/sebastian/Library/Application%20Support/iPhone%20Simulator/7.1/Applications/6424E15F-2ED7-4C97-B869-3AD6D4957612/HelloCordova.app/www/index.html#/tab/dash
Terminating in response to SpringBoard's termination.
2014-05-14 16:06:40.774 HelloCordova[10720:70b] Multi-tasking -> Device: YES, App: YES
2014-05-14 16:06:40.785 HelloCordova[10720:70b] Unlimited access to network resources
2014-05-14 16:06:40.810 HelloCordova[10720:70b] [CDVTimer][keyboard] 0.091016ms
2014-05-14 16:06:40.811 HelloCordova[10720:70b] CDVPlugin class CDVStatusBar (pluginName: statusbar) does not exist.
2014-05-14 16:06:40.811 HelloCordova[10720:70b] [CDVTimer][statusbar] 0.519991ms
2014-05-14 16:06:40.812 HelloCordova[10720:70b] [CDVTimer][TotalPluginStartup] 1.734972ms
2014-05-14 16:06:40.940 HelloCordova[10720:70b] Resetting plugins due to page load.
2014-05-14 16:06:41.313 HelloCordova[10720:70b] Finished load of: file:///Users/sebastian/Library/Application%20Support/iPhone%20Simulator/7.1/Applications/6424E15F-2ED7-4C97-B869-3AD6D4957612/HelloCordova.app/www/index.html#/tab/dash
2014-05-14 17:18:39.375 HelloCordova[13797:70b] Multi-tasking -> Device: YES, App: YES
2014-05-14 17:18:39.381 HelloCordova[13797:70b] Unlimited access to network resources
2014-05-14 17:18:39.396 HelloCordova[13797:70b] [CDVTimer][keyboard] 0.086010ms
2014-05-14 17:18:39.396 HelloCordova[13797:70b] CDVPlugin class CDVStatusBar (pluginName: statusbar) does not exist.
2014-05-14 17:18:39.397 HelloCordova[13797:70b] [CDVTimer][statusbar] 0.395000ms
2014-05-14 17:18:39.397 HelloCordova[13797:70b] [CDVTimer][TotalPluginStartup] 1.417994ms
2014-05-14 17:18:39.437 HelloCordova[13797:70b] Resetting plugins due to page load.
2014-05-14 17:18:39.642 HelloCordova[13797:70b] Finished load of: file:///Users/sebastian/Library/Application%20Support/iPhone%20Simulator/7.1/Applications/6424E15F-2ED7-4C97-B869-3AD6D4957612/HelloCordova.app/www/index.html#/tab/dash
Terminating in response to SpringBoard's termination.
2014-05-14 17:19:00.723 HelloCordova[13990:70b] Multi-tasking -> Device: YES, App: YES
2014-05-14 17:19:00.733 HelloCordova[13990:70b] Unlimited access to network resources
2014-05-14 17:19:00.755 HelloCordova[13990:70b] [CDVTimer][keyboard] 0.095010ms
2014-05-14 17:19:00.756 HelloCordova[13990:70b] CDVPlugin class CDVStatusBar (pluginName: statusbar) does not exist.
2014-05-14 17:19:00.756 HelloCordova[13990:70b] [CDVTimer][statusbar] 0.519037ms
2014-05-14 17:19:00.756 HelloCordova[13990:70b] [CDVTimer][TotalPluginStartup] 1.745999ms
2014-05-14 17:19:00.890 HelloCordova[13990:70b] Resetting plugins due to page load.
2014-05-14 17:19:01.147 HelloCordova[13990:70b] Finished load of: file:///Users/sebastian/Library/Application%20Support/iPhone%20Simulator/7.1/Applications/6424E15F-2ED7-4C97-B869-3AD6D4957612/HelloCordova.app/www/index.html#/tab/dash
Terminating in response to SpringBoard's termination.
2014-05-15 23:32:26.366 HelloCordova[19134:70b] Multi-tasking -> Device: YES, App: YES
2014-05-15 23:32:26.579 HelloCordova[19134:70b] Unlimited access to network resources
2014-05-15 23:32:26.735 HelloCordova[19134:70b] [CDVTimer][keyboard] 0.072002ms
2014-05-15 23:32:26.735 HelloCordova[19134:70b] CDVPlugin class CDVStatusBar (pluginName: statusbar) does not exist.
2014-05-15 23:32:26.736 HelloCordova[19134:70b] [CDVTimer][statusbar] 0.454962ms
2014-05-15 23:32:26.736 HelloCordova[19134:70b] [CDVTimer][TotalPluginStartup] 1.446962ms
2014-05-15 23:32:26.894 HelloCordova[19134:70b] Resetting plugins due to page load.
2014-05-15 23:32:27.363 HelloCordova[19134:70b] Finished load of: file:///Users/sebastian/Library/Application%20Support/iPhone%20Simulator/7.1/Applications/6424E15F-2ED7-4C97-B869-3AD6D4957612/HelloCordova.app/www/index.html#/tab/home
2014-05-22 10:27:17.396 HelloCordova[6866:70b] Multi-tasking -> Device: YES, App: YES
2014-05-22 10:27:17.408 HelloCordova[6866:70b] Unlimited access to network resources
2014-05-22 10:27:17.435 HelloCordova[6866:70b] [CDVTimer][keyboard] 0.108004ms
2014-05-22 10:27:17.436 HelloCordova[6866:70b] CDVPlugin class CDVStatusBar (pluginName: statusbar) does not exist.
2014-05-22 10:27:17.437 HelloCordova[6866:70b] [CDVTimer][statusbar] 0.697017ms
2014-05-22 10:27:17.437 HelloCordova[6866:70b] [CDVTimer][TotalPluginStartup] 2.703965ms
2014-05-22 10:27:17.529 HelloCordova[6866:70b] Resetting plugins due to page load.
2014-05-22 10:27:18.034 HelloCordova[6866:70b] Finished load of: file:///Users/sebastian/Library/Application%20Support/iPhone%20Simulator/7.1/Applications/6424E15F-2ED7-4C97-B869-3AD6D4957612/HelloCordova.app/www/index.html#/tab/home
2014-05-22 10:28:20.043 HelloCordova[7109:70b] Multi-tasking -> Device: YES, App: YES
2014-05-22 10:28:20.053 HelloCordova[7109:70b] Unlimited access to network resources
2014-05-22 10:28:20.078 HelloCordova[7109:70b] [CDVTimer][keyboard] 0.101984ms
2014-05-22 10:28:20.078 HelloCordova[7109:70b] CDVPlugin class CDVStatusBar (pluginName: statusbar) does not exist.
2014-05-22 10:28:20.079 HelloCordova[7109:70b] [CDVTimer][statusbar] 0.553012ms
2014-05-22 10:28:20.079 HelloCordova[7109:70b] [CDVTimer][TotalPluginStartup] 1.729965ms
2014-05-22 10:28:20.214 HelloCordova[7109:70b] Resetting plugins due to page load.
2014-05-22 10:28:20.941 HelloCordova[7109:70b] Finished load of: file:///Users/sebastian/Library/Application%20Support/iPhone%20Simulator/7.1/Applications/6424E15F-2ED7-4C97-B869-3AD6D4957612/HelloCordova.app/www/index.html#/tab/home
2014-05-22 10:29:04.532 HelloCordova[7109:70b] Received memory warning.
2014-05-25 20:18:47.014 HelloCordova[2931:70b] Multi-tasking -> Device: YES, App: YES
2014-05-25 20:18:47.024 HelloCordova[2931:70b] Unlimited access to network resources
2014-05-25 20:18:47.050 HelloCordova[2931:70b] [CDVTimer][keyboard] 0.100017ms
2014-05-25 20:18:47.051 HelloCordova[2931:70b] CDVPlugin class CDVStatusBar (pluginName: statusbar) does not exist.
2014-05-25 20:18:47.052 HelloCordova[2931:70b] [CDVTimer][statusbar] 0.501037ms
2014-05-25 20:18:47.052 HelloCordova[2931:70b] [CDVTimer][TotalPluginStartup] 1.676023ms
2014-05-25 20:18:47.131 HelloCordova[2931:70b] Resetting plugins due to page load.
2014-05-25 20:18:47.800 HelloCordova[2931:70b] Finished load of: file:///Users/sebastian/Library/Application%20Support/iPhone%20Simulator/7.1/Applications/6424E15F-2ED7-4C97-B869-3AD6D4957612/HelloCordova.app/www/index.html#/tab/home
Terminating in response to SpringBoard's termination.
2014-05-26 13:17:23.690 HelloCordova[5914:70b] Multi-tasking -> Device: YES, App: YES
2014-05-26 13:17:23.701 HelloCordova[5914:70b] Unlimited access to network resources
2014-05-26 13:17:23.725 HelloCordova[5914:70b] [CDVTimer][keyboard] 0.097990ms
2014-05-26 13:17:23.725 HelloCordova[5914:70b] CDVPlugin class CDVStatusBar (pluginName: statusbar) does not exist.
2014-05-26 13:17:23.726 HelloCordova[5914:70b] [CDVTimer][statusbar] 0.939012ms
2014-05-26 13:17:23.727 HelloCordova[5914:70b] [CDVTimer][TotalPluginStartup] 2.822995ms
2014-05-26 13:17:23.870 HelloCordova[5914:70b] Resetting plugins due to page load.
2014-05-26 13:17:24.504 HelloCordova[5914:70b] Finished load of: file:///Users/sebastian/Library/Application%20Support/iPhone%20Simulator/7.1/Applications/6424E15F-2ED7-4C97-B869-3AD6D4957612/HelloCordova.app/www/index.html#/tab/home
Terminating in response to SpringBoard's termination.
2014-05-26 13:20:56.892 HelloCordova[6307:70b] Multi-tasking -> Device: YES, App: YES
2014-05-26 13:20:56.902 HelloCordova[6307:70b] Unlimited access to network resources
2014-05-26 13:20:56.925 HelloCordova[6307:70b] [CDVTimer][keyboard] 0.099003ms
2014-05-26 13:20:56.925 HelloCordova[6307:70b] CDVPlugin class CDVStatusBar (pluginName: statusbar) does not exist.
2014-05-26 13:20:56.926 HelloCordova[6307:70b] [CDVTimer][statusbar] 0.515997ms
2014-05-26 13:20:56.926 HelloCordova[6307:70b] [CDVTimer][TotalPluginStartup] 1.679003ms
2014-05-26 13:20:57.053 HelloCordova[6307:70b] Resetting plugins due to page load.
2014-05-26 13:20:57.589 HelloCordova[6307:70b] Finished load of: file:///Users/sebastian/Library/Application%20Support/iPhone%20Simulator/7.1/Applications/6424E15F-2ED7-4C97-B869-3AD6D4957612/HelloCordova.app/www/index.html#/tab/home
2014-05-26 16:56:18.987 HelloCordova[8204:70b] Multi-tasking -> Device: YES, App: YES
2014-05-26 16:56:18.997 HelloCordova[8204:70b] Unlimited access to network resources
2014-05-26 16:56:19.022 HelloCordova[8204:70b] [CDVTimer][keyboard] 0.098944ms
2014-05-26 16:56:19.022 HelloCordova[8204:70b] CDVPlugin class CDVStatusBar (pluginName: statusbar) does not exist.
2014-05-26 16:56:19.023 HelloCordova[8204:70b] [CDVTimer][statusbar] 0.671983ms
2014-05-26 16:56:19.023 HelloCordova[8204:70b] [CDVTimer][TotalPluginStartup] 1.828015ms
2014-05-26 16:56:19.156 HelloCordova[8204:70b] Resetting plugins due to page load.
2014-05-26 16:56:19.624 HelloCordova[8204:70b] Finished load of: file:///Users/sebastian/Library/Application%20Support/iPhone%20Simulator/7.1/Applications/6424E15F-2ED7-4C97-B869-3AD6D4957612/HelloCordova.app/www/index.html#/tab/home
2014-05-27 13:47:49.441 HelloCordova[2178:70b] Multi-tasking -> Device: YES, App: YES
2014-05-27 13:47:49.450 HelloCordova[2178:70b] Unlimited access to network resources
2014-05-27 13:47:49.471 HelloCordova[2178:70b] [CDVTimer][keyboard] 0.100017ms
2014-05-27 13:47:49.472 HelloCordova[2178:70b] CDVPlugin class CDVStatusBar (pluginName: statusbar) does not exist.
2014-05-27 13:47:49.472 HelloCordova[2178:70b] [CDVTimer][statusbar] 0.449002ms
2014-05-27 13:47:49.472 HelloCordova[2178:70b] [CDVTimer][TotalPluginStartup] 1.527965ms
2014-05-27 13:47:49.595 HelloCordova[2178:70b] Resetting plugins due to page load.
2014-05-27 13:47:50.542 HelloCordova[2178:70b] Finished load of: file:///Users/sebastian/Library/Application%20Support/iPhone%20Simulator/7.1/Applications/6424E15F-2ED7-4C97-B869-3AD6D4957612/HelloCordova.app/www/index.html#/tab/home
2014-05-27 13:50:30.391 HelloCordova[2481:70b] Multi-tasking -> Device: YES, App: YES
2014-05-27 13:50:30.401 HelloCordova[2481:70b] Unlimited access to network resources
2014-05-27 13:50:30.424 HelloCordova[2481:70b] [CDVTimer][keyboard] 0.102043ms
2014-05-27 13:50:30.425 HelloCordova[2481:70b] CDVPlugin class CDVStatusBar (pluginName: statusbar) does not exist.
2014-05-27 13:50:30.425 HelloCordova[2481:70b] [CDVTimer][statusbar] 0.535011ms
2014-05-27 13:50:30.457 HelloCordova[2481:70b] [CDVTimer][TotalPluginStartup] 33.460021ms
2014-05-27 13:50:30.655 HelloCordova[2481:70b] Resetting plugins due to page load.
2014-05-27 13:50:31.960 HelloCordova[2481:70b] Finished load of: file:///Users/sebastian/Library/Application%20Support/iPhone%20Simulator/7.1/Applications/6424E15F-2ED7-4C97-B869-3AD6D4957612/HelloCordova.app/www/index.html#/tab/home
2014-06-02 22:55:06.830 HelloCordova[7100:70b] Multi-tasking -> Device: YES, App: YES
2014-06-02 22:55:06.840 HelloCordova[7100:70b] Unlimited access to network resources
2014-06-02 22:55:06.869 HelloCordova[7100:70b] [CDVTimer][keyboard] 0.097990ms
2014-06-02 22:55:06.870 HelloCordova[7100:70b] CDVPlugin class CDVStatusBar (pluginName: statusbar) does not exist.
2014-06-02 22:55:06.871 HelloCordova[7100:70b] [CDVTimer][statusbar] 0.649989ms
2014-06-02 22:55:06.871 HelloCordova[7100:70b] [CDVTimer][TotalPluginStartup] 1.865983ms
2014-06-02 22:55:07.036 HelloCordova[7100:70b] Resetting plugins due to page load.
2014-06-02 22:55:07.693 HelloCordova[7100:70b] Finished load of: file:///Users/sebastian/Library/Application%20Support/iPhone%20Simulator/7.1/Applications/6424E15F-2ED7-4C97-B869-3AD6D4957612/HelloCordova.app/www/index.html#/
2014-06-11 10:37:49.226 HelloCordova[7434:70b] Multi-tasking -> Device: YES, App: YES
2014-06-11 10:37:49.237 HelloCordova[7434:70b] Unlimited access to network resources
2014-06-11 10:37:49.265 HelloCordova[7434:70b] [CDVTimer][keyboard] 0.101984ms
2014-06-11 10:37:49.266 HelloCordova[7434:70b] CDVPlugin class CDVStatusBar (pluginName: statusbar) does not exist.
2014-06-11 10:37:49.267 HelloCordova[7434:70b] [CDVTimer][statusbar] 0.653982ms
2014-06-11 10:37:49.267 HelloCordova[7434:70b] [CDVTimer][TotalPluginStartup] 2.260983ms
2014-06-11 10:37:49.397 HelloCordova[7434:70b] Resetting plugins due to page load.
2014-06-11 10:37:51.180 HelloCordova[7434:70b] Finished load of: file:///Users/sebastian/Library/Application%20Support/iPhone%20Simulator/7.1/Applications/6424E15F-2ED7-4C97-B869-3AD6D4957612/HelloCordova.app/www/index.html#/
Terminating in response to SpringBoard's termination.
2014-06-17 16:40:36.197 HelloCordova[22285:70b] Multi-tasking -> Device: YES, App: YES
2014-06-17 16:40:36.207 HelloCordova[22285:70b] Unlimited access to network resources
2014-06-17 16:40:36.234 HelloCordova[22285:70b] [CDVTimer][keyboard] 0.145972ms
2014-06-17 16:40:36.235 HelloCordova[22285:70b] CDVPlugin class CDVStatusBar (pluginName: statusbar) does not exist.
2014-06-17 16:40:36.236 HelloCordova[22285:70b] [CDVTimer][statusbar] 1.127005ms
2014-06-17 16:40:36.236 HelloCordova[22285:70b] [CDVTimer][TotalPluginStartup] 2.407968ms
2014-06-17 16:40:36.356 HelloCordova[22285:70b] Resetting plugins due to page load.
2014-06-17 16:40:40.463 HelloCordova[22285:70b] Finished load of: file:///Users/sebastian/Library/Application%20Support/iPhone%20Simulator/7.1/Applications/6424E15F-2ED7-4C97-B869-3AD6D4957612/HelloCordova.app/www/index.html#/
2014-06-29 16:30:06.104 HelloCordova[53055:70b] Multi-tasking -> Device: YES, App: YES
2014-06-29 16:30:06.147 HelloCordova[53055:70b] Unlimited access to network resources
2014-06-29 16:30:06.358 HelloCordova[53055:70b] [CDVTimer][keyboard] 0.104010ms
2014-06-29 16:30:06.359 HelloCordova[53055:70b] CDVPlugin class CDVStatusBar (pluginName: statusbar) does not exist.
2014-06-29 16:30:06.360 HelloCordova[53055:70b] [CDVTimer][statusbar] 0.511050ms
2014-06-29 16:30:06.360 HelloCordova[53055:70b] [CDVTimer][TotalPluginStartup] 1.659036ms
2014-06-29 16:30:06.542 HelloCordova[53055:70b] Resetting plugins due to page load.
2014-06-29 16:30:08.340 HelloCordova[53055:70b] Finished load of: file:///Users/sebastian/Library/Application%20Support/iPhone%20Simulator/7.1/Applications/6424E15F-2ED7-4C97-B869-3AD6D4957612/HelloCordova.app/www/index.html#/
2014-06-29 16:43:21.513 HelloCordova[53471:70b] Multi-tasking -> Device: YES, App: YES
2014-06-29 16:43:21.523 HelloCordova[53471:70b] Unlimited access to network resources
2014-06-29 16:43:21.559 HelloCordova[53471:70b] [CDVTimer][keyboard] 0.096977ms
2014-06-29 16:43:21.573 HelloCordova[53471:70b] CDVPlugin class CDVStatusBar (pluginName: statusbar) does not exist.
2014-06-29 16:43:21.590 HelloCordova[53471:70b] [CDVTimer][statusbar] 17.153978ms
2014-06-29 16:43:21.592 HelloCordova[53471:70b] [CDVTimer][TotalPluginStartup] 32.718003ms
2014-06-29 16:43:21.723 HelloCordova[53471:70b] Resetting plugins due to page load.
2014-06-29 16:43:23.080 HelloCordova[53471:70b] Finished load of: file:///Users/sebastian/Library/Application%20Support/iPhone%20Simulator/7.1/Applications/6424E15F-2ED7-4C97-B869-3AD6D4957612/HelloCordova.app/www/index.html#/
2014-06-29 16:44:35.366 HelloCordova[53763:70b] Multi-tasking -> Device: YES, App: YES
2014-06-29 16:44:35.376 HelloCordova[53763:70b] Unlimited access to network resources
2014-06-29 16:44:35.430 HelloCordova[53763:70b] [CDVTimer][keyboard] 0.096023ms
2014-06-29 16:44:35.437 HelloCordova[53763:70b] CDVPlugin class CDVStatusBar (pluginName: statusbar) does not exist.
2014-06-29 16:44:35.438 HelloCordova[53763:70b] [CDVTimer][statusbar] 0.573993ms
2014-06-29 16:44:35.438 HelloCordova[53763:70b] [CDVTimer][TotalPluginStartup] 8.825004ms
2014-06-29 16:44:35.560 HelloCordova[53763:70b] Resetting plugins due to page load.
2014-06-29 16:44:37.006 HelloCordova[53763:70b] Finished load of: file:///Users/sebastian/Library/Application%20Support/iPhone%20Simulator/7.1/Applications/6424E15F-2ED7-4C97-B869-3AD6D4957612/HelloCordova.app/www/index.html#/
Terminating in response to SpringBoard's termination.
2014-06-29 16:45:36.764 HelloCordova[54057:70b] Multi-tasking -> Device: YES, App: YES
2014-06-29 16:45:36.775 HelloCordova[54057:70b] Unlimited access to network resources
2014-06-29 16:45:36.845 HelloCordova[54057:70b] [CDVTimer][keyboard] 0.093997ms
2014-06-29 16:45:36.845 HelloCordova[54057:70b] CDVPlugin class CDVStatusBar (pluginName: statusbar) does not exist.
2014-06-29 16:45:36.846 HelloCordova[54057:70b] [CDVTimer][statusbar] 0.561953ms
2014-06-29 16:45:36.846 HelloCordova[54057:70b] [CDVTimer][TotalPluginStartup] 1.722038ms
2014-06-29 16:45:36.967 HelloCordova[54057:70b] Resetting plugins due to page load.
2014-06-29 16:45:38.175 HelloCordova[54057:70b] Finished load of: file:///Users/sebastian/Library/Application%20Support/iPhone%20Simulator/7.1/Applications/6424E15F-2ED7-4C97-B869-3AD6D4957612/HelloCordova.app/www/index.html#/
Terminating in response to SpringBoard's termination.
2014-06-29 16:46:18.774 HelloCordova[54352:70b] Multi-tasking -> Device: YES, App: YES
2014-06-29 16:46:18.785 HelloCordova[54352:70b] Unlimited access to network resources
2014-06-29 16:46:18.808 HelloCordova[54352:70b] [CDVTimer][keyboard] 0.091970ms
2014-06-29 16:46:18.808 HelloCordova[54352:70b] CDVPlugin class CDVStatusBar (pluginName: statusbar) does not exist.
2014-06-29 16:46:18.809 HelloCordova[54352:70b] [CDVTimer][statusbar] 0.536025ms
2014-06-29 16:46:18.809 HelloCordova[54352:70b] [CDVTimer][TotalPluginStartup] 1.848996ms
2014-06-29 16:46:18.935 HelloCordova[54352:70b] Resetting plugins due to page load.
2014-06-29 16:46:20.212 HelloCordova[54352:70b] Finished load of: file:///Users/sebastian/Library/Application%20Support/iPhone%20Simulator/7.1/Applications/6424E15F-2ED7-4C97-B869-3AD6D4957612/HelloCordova.app/www/index.html#/
2014-06-29 17:15:01.190 HelloCordova[55513:70b] Multi-tasking -> Device: YES, App: YES
2014-06-29 17:15:01.203 HelloCordova[55513:70b] Unlimited access to network resources
2014-06-29 17:15:01.279 HelloCordova[55513:70b] [CDVTimer][keyboard] 0.101030ms
2014-06-29 17:15:01.280 HelloCordova[55513:70b] CDVPlugin class CDVStatusBar (pluginName: statusbar) does not exist.
2014-06-29 17:15:01.281 HelloCordova[55513:70b] [CDVTimer][statusbar] 0.589013ms
2014-06-29 17:15:01.281 HelloCordova[55513:70b] [CDVTimer][TotalPluginStartup] 2.695024ms
2014-06-29 17:15:01.593 HelloCordova[55513:70b] Resetting plugins due to page load.
2014-06-29 17:15:03.632 HelloCordova[55513:70b] Finished load of: file:///Users/sebastian/Library/Application%20Support/iPhone%20Simulator/7.1/Applications/6424E15F-2ED7-4C97-B869-3AD6D4957612/HelloCordova.app/www/index.html#/
2014-06-29 17:18:05.942 HelloCordova[55797:70b] Multi-tasking -> Device: YES, App: YES
2014-06-29 17:18:05.949 HelloCordova[55797:70b] Unlimited access to network resources
2014-06-29 17:18:05.965 HelloCordova[55797:70b] [CDVTimer][keyboard] 0.068009ms
2014-06-29 17:18:05.965 HelloCordova[55797:70b] CDVPlugin class CDVStatusBar (pluginName: statusbar) does not exist.
2014-06-29 17:18:05.966 HelloCordova[55797:70b] [CDVTimer][statusbar] 0.418961ms
2014-06-29 17:18:05.966 HelloCordova[55797:70b] [CDVTimer][TotalPluginStartup] 1.429021ms
2014-06-29 17:18:06.001 HelloCordova[55797:70b] Resetting plugins due to page load.
2014-06-29 17:18:07.401 HelloCordova[55797:70b] Finished load of: file:///Users/sebastian/Library/Application%20Support/iPhone%20Simulator/7.1/Applications/6424E15F-2ED7-4C97-B869-3AD6D4957612/HelloCordova.app/www/index.html#/
Terminating in response to SpringBoard's termination.
2014-06-29 17:18:52.544 HelloCordova[56083:70b] Multi-tasking -> Device: YES, App: YES
2014-06-29 17:18:52.554 HelloCordova[56083:70b] Unlimited access to network resources
2014-06-29 17:18:52.577 HelloCordova[56083:70b] [CDVTimer][keyboard] 0.096023ms
2014-06-29 17:18:52.578 HelloCordova[56083:70b] CDVPlugin class CDVStatusBar (pluginName: statusbar) does not exist.
2014-06-29 17:18:52.578 HelloCordova[56083:70b] [CDVTimer][statusbar] 0.526011ms
2014-06-29 17:18:52.579 HelloCordova[56083:70b] [CDVTimer][TotalPluginStartup] 1.686990ms
2014-06-29 17:18:52.716 HelloCordova[56083:70b] Resetting plugins due to page load.
2014-06-29 17:18:54.137 HelloCordova[56083:70b] Finished load of: file:///Users/sebastian/Library/Application%20Support/iPhone%20Simulator/7.1/Applications/6424E15F-2ED7-4C97-B869-3AD6D4957612/HelloCordova.app/www/index.html#/
Terminating in response to SpringBoard's termination.
2014-06-29 17:21:52.457 HelloCordova[56389:70b] Multi-tasking -> Device: YES, App: YES
2014-06-29 17:21:52.468 HelloCordova[56389:70b] Unlimited access to network resources
2014-06-29 17:21:52.529 HelloCordova[56389:70b] [CDVTimer][keyboard] 0.095010ms
2014-06-29 17:21:52.530 HelloCordova[56389:70b] CDVPlugin class CDVStatusBar (pluginName: statusbar) does not exist.
2014-06-29 17:21:52.530 HelloCordova[56389:70b] [CDVTimer][statusbar] 0.517011ms
2014-06-29 17:21:52.531 HelloCordova[56389:70b] [CDVTimer][TotalPluginStartup] 1.679003ms
2014-06-29 17:21:52.680 HelloCordova[56389:70b] Resetting plugins due to page load.
2014-06-29 17:21:53.925 HelloCordova[56389:70b] Finished load of: file:///Users/sebastian/Library/Application%20Support/iPhone%20Simulator/7.1/Applications/6424E15F-2ED7-4C97-B869-3AD6D4957612/HelloCordova.app/www/index.html#/
Terminating in response to SpringBoard's termination.
2014-06-29 17:23:26.334 HelloCordova[56941:70b] Multi-tasking -> Device: YES, App: YES
2014-06-29 17:23:26.344 HelloCordova[56941:70b] Unlimited access to network resources
2014-06-29 17:23:26.367 HelloCordova[56941:70b] [CDVTimer][keyboard] 0.154018ms
2014-06-29 17:23:26.367 HelloCordova[56941:70b] CDVPlugin class CDVStatusBar (pluginName: statusbar) does not exist.
2014-06-29 17:23:26.368 HelloCordova[56941:70b] [CDVTimer][statusbar] 0.502050ms
2014-06-29 17:23:26.368 HelloCordova[56941:70b] [CDVTimer][TotalPluginStartup] 1.663029ms
2014-06-29 17:23:26.495 HelloCordova[56941:70b] Resetting plugins due to page load.
2014-06-29 17:23:28.547 HelloCordova[56941:70b] Finished load of: file:///Users/sebastian/Library/Application%20Support/iPhone%20Simulator/7.1/Applications/6424E15F-2ED7-4C97-B869-3AD6D4957612/HelloCordova.app/www/index.html#/
2014-06-29 17:26:17.139 HelloCordova[57282:70b] Multi-tasking -> Device: YES, App: YES
2014-06-29 17:26:17.149 HelloCordova[57282:70b] Unlimited access to network resources
2014-06-29 17:26:17.179 HelloCordova[57282:70b] [CDVTimer][keyboard] 0.108957ms
2014-06-29 17:26:17.200 HelloCordova[57282:70b] CDVPlugin class CDVStatusBar (pluginName: statusbar) does not exist.
2014-06-29 17:26:17.201 HelloCordova[57282:70b] [CDVTimer][statusbar] 1.376987ms
2014-06-29 17:26:17.201 HelloCordova[57282:70b] [CDVTimer][TotalPluginStartup] 22.164047ms
2014-06-29 17:26:17.333 HelloCordova[57282:70b] Resetting plugins due to page load.
2014-06-29 17:26:18.828 HelloCordova[57282:70b] Finished load of: file:///Users/sebastian/Library/Application%20Support/iPhone%20Simulator/7.1/Applications/6424E15F-2ED7-4C97-B869-3AD6D4957612/HelloCordova.app/www/index.html#/
2014-06-29 17:27:13.897 HelloCordova[57579:70b] Multi-tasking -> Device: YES, App: YES
2014-06-29 17:27:13.908 HelloCordova[57579:70b] Unlimited access to network resources
2014-06-29 17:27:13.951 HelloCordova[57579:70b] [CDVTimer][keyboard] 0.087023ms
2014-06-29 17:27:13.952 HelloCordova[57579:70b] CDVPlugin class CDVStatusBar (pluginName: statusbar) does not exist.
2014-06-29 17:27:13.952 HelloCordova[57579:70b] [CDVTimer][statusbar] 0.737011ms
2014-06-29 17:27:13.954 HelloCordova[57579:70b] [CDVTimer][TotalPluginStartup] 2.961993ms
2014-06-29 17:27:14.099 HelloCordova[57579:70b] Resetting plugins due to page load.
2014-06-29 17:27:15.690 HelloCordova[57579:70b] Finished load of: file:///Users/sebastian/Library/Application%20Support/iPhone%20Simulator/7.1/Applications/6424E15F-2ED7-4C97-B869-3AD6D4957612/HelloCordova.app/www/index.html#/
2014-06-29 17:27:19.772 HelloCordova[57579:70b] Received memory warning.
2014-06-29 17:28:12.851 HelloCordova[57900:70b] Multi-tasking -> Device: YES, App: YES
2014-06-29 17:28:12.862 HelloCordova[57900:70b] Unlimited access to network resources
2014-06-29 17:28:12.935 HelloCordova[57900:70b] [CDVTimer][keyboard] 0.110984ms
2014-06-29 17:28:12.936 HelloCordova[57900:70b] CDVPlugin class CDVStatusBar (pluginName: statusbar) does not exist.
2014-06-29 17:28:12.936 HelloCordova[57900:70b] [CDVTimer][statusbar] 0.555038ms
2014-06-29 17:28:12.937 HelloCordova[57900:70b] [CDVTimer][TotalPluginStartup] 2.019048ms
2014-06-29 17:28:13.081 HelloCordova[57900:70b] Resetting plugins due to page load.
2014-06-29 17:28:14.460 HelloCordova[57900:70b] Finished load of: file:///Users/sebastian/Library/Application%20Support/iPhone%20Simulator/7.1/Applications/6424E15F-2ED7-4C97-B869-3AD6D4957612/HelloCordova.app/www/index.html#/
2014-06-30 09:37:03.056 HelloCordova[59734:70b] Multi-tasking -> Device: YES, App: YES
2014-06-30 09:37:03.087 HelloCordova[59734:70b] Unlimited access to network resources
2014-06-30 09:37:03.154 HelloCordova[59734:70b] [CDVTimer][keyboard] 0.091016ms
2014-06-30 09:37:03.155 HelloCordova[59734:70b] CDVPlugin class CDVStatusBar (pluginName: statusbar) does not exist.
2014-06-30 09:37:03.155 HelloCordova[59734:70b] [CDVTimer][statusbar] 0.538051ms
2014-06-30 09:37:03.156 HelloCordova[59734:70b] [CDVTimer][TotalPluginStartup] 1.816034ms
2014-06-30 09:37:03.245 HelloCordova[59734:70b] Resetting plugins due to page load.
2014-06-30 09:37:06.414 HelloCordova[59734:70b] Finished load of: file:///Users/sebastian/Library/Application%20Support/iPhone%20Simulator/7.1/Applications/6424E15F-2ED7-4C97-B869-3AD6D4957612/HelloCordova.app/www/index.html#/
2014-06-30 09:38:02.931 HelloCordova[60326:70b] Multi-tasking -> Device: YES, App: YES
2014-06-30 09:38:02.942 HelloCordova[60326:70b] Unlimited access to network resources
2014-06-30 09:38:02.964 HelloCordova[60326:70b] [CDVTimer][keyboard] 0.106990ms
2014-06-30 09:38:02.965 HelloCordova[60326:70b] CDVPlugin class CDVStatusBar (pluginName: statusbar) does not exist.
2014-06-30 09:38:02.965 HelloCordova[60326:70b] [CDVTimer][statusbar] 0.540018ms
2014-06-30 09:38:02.966 HelloCordova[60326:70b] [CDVTimer][TotalPluginStartup] 1.837015ms
2014-06-30 09:38:03.114 HelloCordova[60326:70b] Resetting plugins due to page load.
2014-06-30 09:38:05.642 HelloCordova[60326:70b] Finished load of: file:///Users/sebastian/Library/Application%20Support/iPhone%20Simulator/7.1/Applications/7A8A18FD-191A-4FCB-B586-BBBE0F253AB4/HelloCordova.app/www/index.html#/
Terminating in response to SpringBoard's termination.
2014-07-07 11:18:02.598 HelloCordova[4951:70b] Multi-tasking -> Device: YES, App: YES
2014-07-07 11:18:02.639 HelloCordova[4951:70b] Unlimited access to network resources
2014-07-07 11:18:02.844 HelloCordova[4951:70b] [CDVTimer][keyboard] 0.102997ms
2014-07-07 11:18:02.844 HelloCordova[4951:70b] CDVPlugin class CDVStatusBar (pluginName: statusbar) does not exist.
2014-07-07 11:18:02.845 HelloCordova[4951:70b] [CDVTimer][statusbar] 0.505984ms
2014-07-07 11:18:02.845 HelloCordova[4951:70b] [CDVTimer][TotalPluginStartup] 1.646042ms
2014-07-07 11:18:03.039 HelloCordova[4951:70b] Resetting plugins due to page load.
2014-07-07 11:18:04.716 HelloCordova[4951:70b] Finished load of: file:///Users/sebastian/Library/Application%20Support/iPhone%20Simulator/7.1/Applications/7A8A18FD-191A-4FCB-B586-BBBE0F253AB4/HelloCordova.app/www/index.html#/
2014-07-07 11:19:43.813 HelloCordova[6034:70b] Multi-tasking -> Device: YES, App: YES
2014-07-07 11:19:43.823 HelloCordova[6034:70b] Unlimited access to network resources
2014-07-07 11:19:43.848 HelloCordova[6034:70b] [CDVTimer][keyboard] 0.095963ms
2014-07-07 11:19:43.849 HelloCordova[6034:70b] CDVPlugin class CDVStatusBar (pluginName: statusbar) does not exist.
2014-07-07 11:19:43.849 HelloCordova[6034:70b] [CDVTimer][statusbar] 0.512004ms
2014-07-07 11:19:43.850 HelloCordova[6034:70b] [CDVTimer][TotalPluginStartup] 1.699030ms
2014-07-07 11:19:43.974 HelloCordova[6034:70b] Resetting plugins due to page load.
2014-07-07 11:19:45.636 HelloCordova[6034:70b] Finished load of: file:///Users/sebastian/Library/Application%20Support/iPhone%20Simulator/7.1/Applications/7A8A18FD-191A-4FCB-B586-BBBE0F253AB4/HelloCordova.app/www/index.html#/
2014-07-07 15:52:16.341 HelloCordova[8134:70b] Multi-tasking -> Device: YES, App: YES
2014-07-07 15:52:16.352 HelloCordova[8134:70b] Unlimited access to network resources
2014-07-07 15:52:16.605 HelloCordova[8134:70b] [CDVTimer][keyboard] 0.100970ms
2014-07-07 15:52:16.606 HelloCordova[8134:70b] CDVPlugin class CDVStatusBar (pluginName: statusbar) does not exist.
2014-07-07 15:52:16.606 HelloCordova[8134:70b] [CDVTimer][statusbar] 0.640988ms
2014-07-07 15:52:16.607 HelloCordova[8134:70b] [CDVTimer][TotalPluginStartup] 1.901031ms
2014-07-07 15:52:16.775 HelloCordova[8134:70b] Resetting plugins due to page load.
2014-07-07 15:52:18.130 HelloCordova[8134:70b] Finished load of: file:///Users/sebastian/Library/Application%20Support/iPhone%20Simulator/7.1/Applications/7A8A18FD-191A-4FCB-B586-BBBE0F253AB4/HelloCordova.app/www/index.html#/
Terminating in response to SpringBoard's termination.
2014-07-07 16:05:24.035 HelloCordova[8616:70b] Multi-tasking -> Device: YES, App: YES
2014-07-07 16:05:24.045 HelloCordova[8616:70b] Unlimited access to network resources
2014-07-07 16:05:24.069 HelloCordova[8616:70b] [CDVTimer][keyboard] 0.105977ms
2014-07-07 16:05:24.070 HelloCordova[8616:70b] CDVPlugin class CDVStatusBar (pluginName: statusbar) does not exist.
2014-07-07 16:05:24.070 HelloCordova[8616:70b] [CDVTimer][statusbar] 0.779986ms
2014-07-07 16:05:24.071 HelloCordova[8616:70b] [CDVTimer][TotalPluginStartup] 2.089977ms
2014-07-07 16:05:24.235 HelloCordova[8616:70b] Resetting plugins due to page load.
2014-07-07 16:05:25.585 HelloCordova[8616:70b] Finished load of: file:///Users/sebastian/Library/Application%20Support/iPhone%20Simulator/7.1/Applications/7A8A18FD-191A-4FCB-B586-BBBE0F253AB4/HelloCordova.app/www/index.html#/
